*** SLURM BATCH JOB 'test_job' STARTING ***
*** Activating environment cs236781-hw ***
Epoch [1/100], Loss: 0.5609, Epoch Time: 2.11 seconds, Total Time: 2.11 seconds
Epoch [2/100], Loss: 0.4942, Epoch Time: 1.21 seconds, Total Time: 3.32 seconds
Epoch [3/100], Loss: 0.4810, Epoch Time: 1.21 seconds, Total Time: 4.53 seconds
Epoch [4/100], Loss: 0.4524, Epoch Time: 1.21 seconds, Total Time: 5.75 seconds
Epoch [5/100], Loss: 0.4125, Epoch Time: 1.21 seconds, Total Time: 6.96 seconds
Epoch [6/100], Loss: 0.3816, Epoch Time: 1.21 seconds, Total Time: 8.17 seconds
Epoch [7/100], Loss: 0.3695, Epoch Time: 1.21 seconds, Total Time: 9.38 seconds
Epoch [8/100], Loss: 0.3719, Epoch Time: 1.22 seconds, Total Time: 10.60 seconds
Epoch [9/100], Loss: 0.3523, Epoch Time: 1.21 seconds, Total Time: 11.81 seconds
Epoch [10/100], Loss: 0.3424, Epoch Time: 1.21 seconds, Total Time: 13.02 seconds
Epoch [11/100], Loss: 0.3335, Epoch Time: 1.21 seconds, Total Time: 14.23 seconds
Epoch [12/100], Loss: 0.3327, Epoch Time: 1.21 seconds, Total Time: 15.44 seconds
Epoch [13/100], Loss: 0.3317, Epoch Time: 1.21 seconds, Total Time: 16.65 seconds
Epoch [14/100], Loss: 0.3308, Epoch Time: 1.21 seconds, Total Time: 17.86 seconds
Epoch [15/100], Loss: 0.3299, Epoch Time: 1.21 seconds, Total Time: 19.07 seconds
Epoch [16/100], Loss: 0.3188, Epoch Time: 1.21 seconds, Total Time: 20.29 seconds
Epoch [17/100], Loss: 0.3100, Epoch Time: 1.21 seconds, Total Time: 21.50 seconds
Epoch [18/100], Loss: 0.2989, Epoch Time: 1.21 seconds, Total Time: 22.71 seconds
Epoch [19/100], Loss: 0.2917, Epoch Time: 1.21 seconds, Total Time: 23.92 seconds
Epoch [20/100], Loss: 0.2883, Epoch Time: 1.21 seconds, Total Time: 25.13 seconds
Epoch [21/100], Loss: 0.2857, Epoch Time: 1.21 seconds, Total Time: 26.34 seconds
Epoch [22/100], Loss: 0.2846, Epoch Time: 1.21 seconds, Total Time: 27.55 seconds
Epoch [23/100], Loss: 0.2838, Epoch Time: 1.21 seconds, Total Time: 28.77 seconds
Epoch [24/100], Loss: 0.2828, Epoch Time: 1.21 seconds, Total Time: 29.98 seconds
Epoch [25/100], Loss: 0.2833, Epoch Time: 1.21 seconds, Total Time: 31.19 seconds
Epoch [26/100], Loss: 0.2835, Epoch Time: 1.21 seconds, Total Time: 32.40 seconds
Epoch [27/100], Loss: 0.2834, Epoch Time: 1.21 seconds, Total Time: 33.61 seconds
Epoch [28/100], Loss: 0.2844, Epoch Time: 1.21 seconds, Total Time: 34.82 seconds
Epoch [29/100], Loss: 0.2836, Epoch Time: 1.21 seconds, Total Time: 36.03 seconds
Epoch [30/100], Loss: 0.2828, Epoch Time: 1.21 seconds, Total Time: 37.24 seconds
Epoch [31/100], Loss: 0.2832, Epoch Time: 1.21 seconds, Total Time: 38.45 seconds
Epoch [32/100], Loss: 0.2831, Epoch Time: 1.21 seconds, Total Time: 39.67 seconds
Epoch [33/100], Loss: 0.2824, Epoch Time: 1.21 seconds, Total Time: 40.88 seconds
Epoch [34/100], Loss: 0.2827, Epoch Time: 1.21 seconds, Total Time: 42.09 seconds
Epoch [35/100], Loss: 0.2816, Epoch Time: 1.21 seconds, Total Time: 43.30 seconds
Epoch [36/100], Loss: 0.2801, Epoch Time: 1.21 seconds, Total Time: 44.51 seconds
Epoch [37/100], Loss: 0.2782, Epoch Time: 1.21 seconds, Total Time: 45.72 seconds
Epoch [38/100], Loss: 0.2775, Epoch Time: 1.21 seconds, Total Time: 46.94 seconds
Epoch [39/100], Loss: 0.2756, Epoch Time: 1.21 seconds, Total Time: 48.15 seconds
Epoch [40/100], Loss: 0.2746, Epoch Time: 1.21 seconds, Total Time: 49.36 seconds
Epoch [41/100], Loss: 0.2734, Epoch Time: 1.21 seconds, Total Time: 50.57 seconds
Epoch [42/100], Loss: 0.2725, Epoch Time: 1.21 seconds, Total Time: 51.78 seconds
Epoch [43/100], Loss: 0.2713, Epoch Time: 1.21 seconds, Total Time: 52.99 seconds
Epoch [44/100], Loss: 0.2702, Epoch Time: 1.21 seconds, Total Time: 54.21 seconds
Epoch [45/100], Loss: 0.2690, Epoch Time: 1.21 seconds, Total Time: 55.42 seconds
Epoch [46/100], Loss: 0.2679, Epoch Time: 1.21 seconds, Total Time: 56.63 seconds
Epoch [47/100], Loss: 0.2668, Epoch Time: 1.21 seconds, Total Time: 57.84 seconds
Epoch [48/100], Loss: 0.2659, Epoch Time: 1.21 seconds, Total Time: 59.06 seconds
Epoch [49/100], Loss: 0.2651, Epoch Time: 1.21 seconds, Total Time: 60.27 seconds
Epoch [50/100], Loss: 0.2643, Epoch Time: 1.21 seconds, Total Time: 61.48 seconds
Epoch [51/100], Loss: 0.2637, Epoch Time: 1.21 seconds, Total Time: 62.69 seconds
Epoch [52/100], Loss: 0.2631, Epoch Time: 1.21 seconds, Total Time: 63.90 seconds
Epoch [53/100], Loss: 0.2627, Epoch Time: 1.21 seconds, Total Time: 65.12 seconds
Epoch [54/100], Loss: 0.2623, Epoch Time: 1.21 seconds, Total Time: 66.33 seconds
Epoch [55/100], Loss: 0.2622, Epoch Time: 1.21 seconds, Total Time: 67.54 seconds
Epoch [56/100], Loss: 0.2620, Epoch Time: 1.21 seconds, Total Time: 68.75 seconds
Epoch [57/100], Loss: 0.2620, Epoch Time: 1.21 seconds, Total Time: 69.97 seconds
Epoch [58/100], Loss: 0.2620, Epoch Time: 1.21 seconds, Total Time: 71.18 seconds
Epoch [59/100], Loss: 0.2621, Epoch Time: 1.21 seconds, Total Time: 72.39 seconds
Epoch [60/100], Loss: 0.2621, Epoch Time: 1.21 seconds, Total Time: 73.60 seconds
Epoch [61/100], Loss: 0.2621, Epoch Time: 1.21 seconds, Total Time: 74.82 seconds
Epoch [62/100], Loss: 0.2621, Epoch Time: 1.21 seconds, Total Time: 76.03 seconds
Epoch [63/100], Loss: 0.2619, Epoch Time: 1.21 seconds, Total Time: 77.24 seconds
Epoch [64/100], Loss: 0.2616, Epoch Time: 1.21 seconds, Total Time: 78.45 seconds
Epoch [65/100], Loss: 0.2612, Epoch Time: 1.21 seconds, Total Time: 79.67 seconds
Epoch [66/100], Loss: 0.2608, Epoch Time: 1.21 seconds, Total Time: 80.88 seconds
Epoch [67/100], Loss: 0.2604, Epoch Time: 1.21 seconds, Total Time: 82.09 seconds
Epoch [68/100], Loss: 0.2600, Epoch Time: 1.21 seconds, Total Time: 83.30 seconds
Epoch [69/100], Loss: 0.2596, Epoch Time: 1.21 seconds, Total Time: 84.52 seconds
Epoch [70/100], Loss: 0.2593, Epoch Time: 1.21 seconds, Total Time: 85.73 seconds
Epoch [71/100], Loss: 0.2590, Epoch Time: 1.21 seconds, Total Time: 86.94 seconds
Epoch [72/100], Loss: 0.2586, Epoch Time: 1.21 seconds, Total Time: 88.15 seconds
Epoch [73/100], Loss: 0.2585, Epoch Time: 1.21 seconds, Total Time: 89.36 seconds
Epoch [74/100], Loss: 0.2582, Epoch Time: 1.21 seconds, Total Time: 90.58 seconds
Epoch [75/100], Loss: 0.2581, Epoch Time: 1.21 seconds, Total Time: 91.79 seconds
Epoch [76/100], Loss: 0.2579, Epoch Time: 1.21 seconds, Total Time: 93.00 seconds
Epoch [77/100], Loss: 0.2578, Epoch Time: 1.21 seconds, Total Time: 94.21 seconds
Epoch [78/100], Loss: 0.2578, Epoch Time: 1.21 seconds, Total Time: 95.43 seconds
Epoch [79/100], Loss: 0.2577, Epoch Time: 1.21 seconds, Total Time: 96.64 seconds
Epoch [80/100], Loss: 0.2576, Epoch Time: 1.21 seconds, Total Time: 97.85 seconds
Epoch [81/100], Loss: 0.2576, Epoch Time: 1.21 seconds, Total Time: 99.06 seconds
Epoch [82/100], Loss: 0.2575, Epoch Time: 1.21 seconds, Total Time: 100.27 seconds
Epoch [83/100], Loss: 0.2574, Epoch Time: 1.21 seconds, Total Time: 101.49 seconds
Epoch [84/100], Loss: 0.2574, Epoch Time: 1.21 seconds, Total Time: 102.70 seconds
Epoch [85/100], Loss: 0.2575, Epoch Time: 1.21 seconds, Total Time: 103.91 seconds
Epoch [86/100], Loss: 0.2575, Epoch Time: 1.21 seconds, Total Time: 105.12 seconds
Epoch [87/100], Loss: 0.2576, Epoch Time: 1.21 seconds, Total Time: 106.34 seconds
Epoch [88/100], Loss: 0.2575, Epoch Time: 1.21 seconds, Total Time: 107.55 seconds
Epoch [89/100], Loss: 0.2578, Epoch Time: 1.21 seconds, Total Time: 108.76 seconds
Epoch [90/100], Loss: 0.2579, Epoch Time: 1.21 seconds, Total Time: 109.97 seconds
Epoch [91/100], Loss: 0.2581, Epoch Time: 1.21 seconds, Total Time: 111.19 seconds
Epoch [92/100], Loss: 0.2582, Epoch Time: 1.21 seconds, Total Time: 112.40 seconds
Epoch [93/100], Loss: 0.2583, Epoch Time: 1.21 seconds, Total Time: 113.61 seconds
Early stopping at epoch 94, best loss: 0.2574
Total training time: 1.91 min
Evaluating on Training Set...
Training Set Loss: 0.2538
Evaluating on Test Set...
Epoch [1/20], Test Set Loss: 0.8853
Epoch [2/20], Test Set Loss: 0.6973
Epoch [3/20], Test Set Loss: 0.5720
Epoch [4/20], Test Set Loss: 0.4911
Epoch [5/20], Test Set Loss: 0.4408
Epoch [6/20], Test Set Loss: 0.4086
Epoch [7/20], Test Set Loss: 0.3864
Epoch [8/20], Test Set Loss: 0.3703
Epoch [9/20], Test Set Loss: 0.3582
Epoch [10/20], Test Set Loss: 0.3486
Epoch [11/20], Test Set Loss: 0.3411
Epoch [12/20], Test Set Loss: 0.3347
Epoch [13/20], Test Set Loss: 0.3294
Epoch [14/20], Test Set Loss: 0.3250
Epoch [15/20], Test Set Loss: 0.3211
Epoch [16/20], Test Set Loss: 0.3177
Epoch [17/20], Test Set Loss: 0.3146
Epoch [18/20], Test Set Loss: 0.3119
Epoch [19/20], Test Set Loss: 0.3095
Epoch [20/20], Test Set Loss: 0.3074
Test Set Loss: 0.3074
*** SLURM BATCH JOB 'test_job' DONE ***
