*** SLURM BATCH JOB 'test_job' STARTING ***
*** Activating environment cs236781-hw ***
Epoch [1/100], Loss: 0.5734, Epoch Time: 2.13 seconds, Total Time: 2.13 seconds
Epoch [2/100], Loss: 0.4955, Epoch Time: 1.21 seconds, Total Time: 3.34 seconds
Epoch [3/100], Loss: 0.4836, Epoch Time: 1.21 seconds, Total Time: 4.55 seconds
Epoch [4/100], Loss: 0.4558, Epoch Time: 1.21 seconds, Total Time: 5.76 seconds
Epoch [5/100], Loss: 0.4143, Epoch Time: 1.22 seconds, Total Time: 6.98 seconds
Epoch [6/100], Loss: 0.3812, Epoch Time: 1.21 seconds, Total Time: 8.19 seconds
Epoch [7/100], Loss: 0.3778, Epoch Time: 1.21 seconds, Total Time: 9.40 seconds
Epoch [8/100], Loss: 0.3758, Epoch Time: 1.21 seconds, Total Time: 10.61 seconds
Epoch [9/100], Loss: 0.3509, Epoch Time: 1.21 seconds, Total Time: 11.83 seconds
Epoch [10/100], Loss: 0.3333, Epoch Time: 1.21 seconds, Total Time: 13.04 seconds
Epoch [11/100], Loss: 0.3244, Epoch Time: 1.21 seconds, Total Time: 14.25 seconds
Epoch [12/100], Loss: 0.3211, Epoch Time: 1.21 seconds, Total Time: 15.46 seconds
Epoch [13/100], Loss: 0.3213, Epoch Time: 1.21 seconds, Total Time: 16.67 seconds
Epoch [14/100], Loss: 0.3233, Epoch Time: 1.21 seconds, Total Time: 17.89 seconds
Epoch [15/100], Loss: 0.3296, Epoch Time: 1.21 seconds, Total Time: 19.10 seconds
Epoch [16/100], Loss: 0.3328, Epoch Time: 1.21 seconds, Total Time: 20.31 seconds
Epoch [17/100], Loss: 0.3241, Epoch Time: 1.21 seconds, Total Time: 21.52 seconds
Epoch [18/100], Loss: 0.3089, Epoch Time: 1.21 seconds, Total Time: 22.73 seconds
Epoch [19/100], Loss: 0.2953, Epoch Time: 1.21 seconds, Total Time: 23.95 seconds
Epoch [20/100], Loss: 0.2888, Epoch Time: 1.21 seconds, Total Time: 25.16 seconds
Epoch [21/100], Loss: 0.2852, Epoch Time: 1.21 seconds, Total Time: 26.37 seconds
Epoch [22/100], Loss: 0.2833, Epoch Time: 1.21 seconds, Total Time: 27.58 seconds
Epoch [23/100], Loss: 0.2820, Epoch Time: 1.21 seconds, Total Time: 28.79 seconds
Epoch [24/100], Loss: 0.2813, Epoch Time: 1.21 seconds, Total Time: 30.01 seconds
Epoch [25/100], Loss: 0.2809, Epoch Time: 1.21 seconds, Total Time: 31.22 seconds
Epoch [26/100], Loss: 0.2810, Epoch Time: 1.21 seconds, Total Time: 32.43 seconds
Epoch [27/100], Loss: 0.2812, Epoch Time: 1.21 seconds, Total Time: 33.64 seconds
Epoch [28/100], Loss: 0.2818, Epoch Time: 1.21 seconds, Total Time: 34.85 seconds
Epoch [29/100], Loss: 0.2827, Epoch Time: 1.21 seconds, Total Time: 36.07 seconds
Epoch [30/100], Loss: 0.2840, Epoch Time: 1.21 seconds, Total Time: 37.28 seconds
Epoch [31/100], Loss: 0.2846, Epoch Time: 1.21 seconds, Total Time: 38.49 seconds
Epoch [32/100], Loss: 0.2852, Epoch Time: 1.21 seconds, Total Time: 39.70 seconds
Epoch [33/100], Loss: 0.2849, Epoch Time: 1.21 seconds, Total Time: 40.91 seconds
Epoch [34/100], Loss: 0.2852, Epoch Time: 1.21 seconds, Total Time: 42.12 seconds
Early stopping at epoch 35, best loss: 0.2809
Total training time: 0.72 min
Evaluating on Training Set...
Training Set Loss: 0.2850
Evaluating on Test Set...
Epoch [1/20], Test Set Loss: 0.6744
Epoch [2/20], Test Set Loss: 0.5699
Epoch [3/20], Test Set Loss: 0.4999
Epoch [4/20], Test Set Loss: 0.4498
Epoch [5/20], Test Set Loss: 0.4146
Epoch [6/20], Test Set Loss: 0.3898
Epoch [7/20], Test Set Loss: 0.3717
Epoch [8/20], Test Set Loss: 0.3584
Epoch [9/20], Test Set Loss: 0.3482
Epoch [10/20], Test Set Loss: 0.3403
Epoch [11/20], Test Set Loss: 0.3340
Epoch [12/20], Test Set Loss: 0.3288
Epoch [13/20], Test Set Loss: 0.3243
Epoch [14/20], Test Set Loss: 0.3205
Epoch [15/20], Test Set Loss: 0.3173
Epoch [16/20], Test Set Loss: 0.3146
Epoch [17/20], Test Set Loss: 0.3121
Epoch [18/20], Test Set Loss: 0.3099
Epoch [19/20], Test Set Loss: 0.3078
Epoch [20/20], Test Set Loss: 0.3060
Test Set Loss: 0.3060
*** SLURM BATCH JOB 'test_job' DONE ***
