*** SLURM BATCH JOB 'test_job' STARTING ***
*** Activating environment cs236781-hw ***
Epoch [1/100], Loss: 0.5243, Epoch Time: 2.19 seconds, Total Time: 2.19 seconds
Epoch [2/100], Loss: 0.4863, Epoch Time: 1.22 seconds, Total Time: 3.41 seconds
Epoch [3/100], Loss: 0.4693, Epoch Time: 1.22 seconds, Total Time: 4.63 seconds
Epoch [4/100], Loss: 0.4359, Epoch Time: 1.22 seconds, Total Time: 5.84 seconds
Epoch [5/100], Loss: 0.3981, Epoch Time: 1.22 seconds, Total Time: 7.06 seconds
Epoch [6/100], Loss: 0.3835, Epoch Time: 1.22 seconds, Total Time: 8.28 seconds
Epoch [7/100], Loss: 0.3787, Epoch Time: 1.22 seconds, Total Time: 9.50 seconds
Epoch [8/100], Loss: 0.3582, Epoch Time: 1.22 seconds, Total Time: 10.72 seconds
Epoch [9/100], Loss: 0.3367, Epoch Time: 1.22 seconds, Total Time: 11.93 seconds
Epoch [10/100], Loss: 0.3277, Epoch Time: 1.22 seconds, Total Time: 13.15 seconds
Epoch [11/100], Loss: 0.3271, Epoch Time: 1.22 seconds, Total Time: 14.37 seconds
Epoch [12/100], Loss: 0.3336, Epoch Time: 1.22 seconds, Total Time: 15.59 seconds
Epoch [13/100], Loss: 0.3405, Epoch Time: 1.22 seconds, Total Time: 16.80 seconds
Epoch [14/100], Loss: 0.3388, Epoch Time: 1.22 seconds, Total Time: 18.02 seconds
Epoch [15/100], Loss: 0.3209, Epoch Time: 1.22 seconds, Total Time: 19.24 seconds
Epoch [16/100], Loss: 0.3041, Epoch Time: 1.22 seconds, Total Time: 20.46 seconds
Epoch [17/100], Loss: 0.2958, Epoch Time: 1.22 seconds, Total Time: 21.67 seconds
Epoch [18/100], Loss: 0.2919, Epoch Time: 1.22 seconds, Total Time: 22.89 seconds
Epoch [19/100], Loss: 0.2895, Epoch Time: 1.22 seconds, Total Time: 24.11 seconds
Epoch [20/100], Loss: 0.2882, Epoch Time: 1.22 seconds, Total Time: 25.33 seconds
Epoch [21/100], Loss: 0.2871, Epoch Time: 1.22 seconds, Total Time: 26.55 seconds
Epoch [22/100], Loss: 0.2863, Epoch Time: 1.22 seconds, Total Time: 27.77 seconds
Epoch [23/100], Loss: 0.2847, Epoch Time: 1.22 seconds, Total Time: 28.99 seconds
Epoch [24/100], Loss: 0.2826, Epoch Time: 1.22 seconds, Total Time: 30.21 seconds
Epoch [25/100], Loss: 0.2808, Epoch Time: 1.22 seconds, Total Time: 31.42 seconds
Epoch [26/100], Loss: 0.2787, Epoch Time: 1.22 seconds, Total Time: 32.64 seconds
Epoch [27/100], Loss: 0.2770, Epoch Time: 1.22 seconds, Total Time: 33.86 seconds
Epoch [28/100], Loss: 0.2760, Epoch Time: 1.22 seconds, Total Time: 35.08 seconds
Epoch [29/100], Loss: 0.2756, Epoch Time: 1.22 seconds, Total Time: 36.30 seconds
Epoch [30/100], Loss: 0.2753, Epoch Time: 1.22 seconds, Total Time: 37.52 seconds
Epoch [31/100], Loss: 0.2755, Epoch Time: 1.22 seconds, Total Time: 38.74 seconds
Epoch [32/100], Loss: 0.2751, Epoch Time: 1.22 seconds, Total Time: 39.96 seconds
Epoch [33/100], Loss: 0.2749, Epoch Time: 1.22 seconds, Total Time: 41.17 seconds
Epoch [34/100], Loss: 0.2750, Epoch Time: 1.22 seconds, Total Time: 42.39 seconds
Epoch [35/100], Loss: 0.2742, Epoch Time: 1.22 seconds, Total Time: 43.61 seconds
Epoch [36/100], Loss: 0.2739, Epoch Time: 1.22 seconds, Total Time: 44.83 seconds
Epoch [37/100], Loss: 0.2731, Epoch Time: 1.22 seconds, Total Time: 46.05 seconds
Epoch [38/100], Loss: 0.2728, Epoch Time: 1.22 seconds, Total Time: 47.27 seconds
Epoch [39/100], Loss: 0.2721, Epoch Time: 1.22 seconds, Total Time: 48.49 seconds
Epoch [40/100], Loss: 0.2715, Epoch Time: 1.22 seconds, Total Time: 49.71 seconds
Epoch [41/100], Loss: 0.2708, Epoch Time: 1.22 seconds, Total Time: 50.93 seconds
Epoch [42/100], Loss: 0.2701, Epoch Time: 1.22 seconds, Total Time: 52.14 seconds
Epoch [43/100], Loss: 0.2690, Epoch Time: 1.22 seconds, Total Time: 53.36 seconds
Epoch [44/100], Loss: 0.2677, Epoch Time: 1.22 seconds, Total Time: 54.58 seconds
Epoch [45/100], Loss: 0.2662, Epoch Time: 1.22 seconds, Total Time: 55.80 seconds
Epoch [46/100], Loss: 0.2652, Epoch Time: 1.22 seconds, Total Time: 57.02 seconds
Epoch [47/100], Loss: 0.2640, Epoch Time: 1.22 seconds, Total Time: 58.24 seconds
Epoch [48/100], Loss: 0.2631, Epoch Time: 1.22 seconds, Total Time: 59.46 seconds
Epoch [49/100], Loss: 0.2626, Epoch Time: 1.22 seconds, Total Time: 60.68 seconds
Epoch [50/100], Loss: 0.2620, Epoch Time: 1.22 seconds, Total Time: 61.89 seconds
Epoch [51/100], Loss: 0.2616, Epoch Time: 1.22 seconds, Total Time: 63.11 seconds
Epoch [52/100], Loss: 0.2609, Epoch Time: 1.22 seconds, Total Time: 64.33 seconds
Epoch [53/100], Loss: 0.2600, Epoch Time: 1.22 seconds, Total Time: 65.55 seconds
Epoch [54/100], Loss: 0.2599, Epoch Time: 1.22 seconds, Total Time: 66.77 seconds
Epoch [55/100], Loss: 0.2594, Epoch Time: 1.22 seconds, Total Time: 67.99 seconds
Epoch [56/100], Loss: 0.2594, Epoch Time: 1.22 seconds, Total Time: 69.20 seconds
Epoch [57/100], Loss: 0.2592, Epoch Time: 1.22 seconds, Total Time: 70.42 seconds
Epoch [58/100], Loss: 0.2591, Epoch Time: 1.22 seconds, Total Time: 71.64 seconds
Epoch [59/100], Loss: 0.2591, Epoch Time: 1.22 seconds, Total Time: 72.86 seconds
Epoch [60/100], Loss: 0.2591, Epoch Time: 1.22 seconds, Total Time: 74.08 seconds
Epoch [61/100], Loss: 0.2594, Epoch Time: 1.22 seconds, Total Time: 75.29 seconds
Epoch [62/100], Loss: 0.2594, Epoch Time: 1.22 seconds, Total Time: 76.51 seconds
Epoch [63/100], Loss: 0.2595, Epoch Time: 1.22 seconds, Total Time: 77.72 seconds
Epoch [64/100], Loss: 0.2596, Epoch Time: 1.21 seconds, Total Time: 78.94 seconds
Epoch [65/100], Loss: 0.2598, Epoch Time: 1.22 seconds, Total Time: 80.16 seconds
Epoch [66/100], Loss: 0.2598, Epoch Time: 1.22 seconds, Total Time: 81.37 seconds
Epoch [67/100], Loss: 0.2599, Epoch Time: 1.21 seconds, Total Time: 82.59 seconds
Early stopping at epoch 68, best loss: 0.2591
Total training time: 1.40 min
Evaluating on Training Set...
Training Set Loss: 0.2571
Evaluating on Test Set...
Epoch [1/20], Test Set Loss: 0.7938
Epoch [2/20], Test Set Loss: 0.6261
Epoch [3/20], Test Set Loss: 0.5241
Epoch [4/20], Test Set Loss: 0.4610
Epoch [5/20], Test Set Loss: 0.4223
Epoch [6/20], Test Set Loss: 0.3968
Epoch [7/20], Test Set Loss: 0.3791
Epoch [8/20], Test Set Loss: 0.3660
Epoch [9/20], Test Set Loss: 0.3558
Epoch [10/20], Test Set Loss: 0.3474
Epoch [11/20], Test Set Loss: 0.3406
Epoch [12/20], Test Set Loss: 0.3349
Epoch [13/20], Test Set Loss: 0.3300
Epoch [14/20], Test Set Loss: 0.3258
Epoch [15/20], Test Set Loss: 0.3220
Epoch [16/20], Test Set Loss: 0.3185
Epoch [17/20], Test Set Loss: 0.3156
Epoch [18/20], Test Set Loss: 0.3129
Epoch [19/20], Test Set Loss: 0.3105
Epoch [20/20], Test Set Loss: 0.3083
Test Set Loss: 0.3083
*** SLURM BATCH JOB 'test_job' DONE ***
